<?xml version="1.0" encoding="UTF-8"?>
<!-- Generated by org.testng.reporters.JUnitXMLReporter -->
<testsuite ignored="7" hostname="DESKTOP-F194BDL" failures="0" tests="3" name="Test" time="57.162" errors="0" timestamp="2023-06-19T08:24:00 IST">
  <testcase classname="test.ForgetpswTest" name="LoginfeildValidation" time="12.672"/>
  <testcase classname="test.TsrtcRegistrationModuleTest" name="LoginNameValidation" time="7.363"/>
  <testcase classname="test.RegistrationModuleTest" name="fullnamevalid" time="5.622"/>
  <testcase classname="test.tsrtcRigistrationModuleTest2" name="LoginNameValidation" time="0.0">
    <ignored/>
  </testcase> <!-- LoginNameValidation -->
  <testcase classname="test.RegistrationModuleTest" name="mobilenovalid" time="0.0">
    <ignored/>
  </testcase> <!-- mobilenovalid -->
  <testcase classname="test.ForgetpswTest" name="EmailCheck" time="0.0">
    <ignored/>
  </testcase> <!-- EmailCheck -->
  <testcase classname="test.RegistrationModuleTest" name="Emailvalid" time="0.0">
    <ignored/>
  </testcase> <!-- Emailvalid -->
  <testcase classname="test.LoginModuleTest" name="InvalidLoginname" time="0.0">
    <ignored/>
  </testcase> <!-- InvalidLoginname -->
  <testcase classname="test.TsrtcRegistrationModuleTest" name="validfullName" time="0.0">
    <ignored/>
  </testcase> <!-- validfullName -->
  <testcase classname="test.RegistrationModuleTest" name="Loginnamevalid" time="0.0">
    <ignored/>
  </testcase> <!-- Loginnamevalid -->
</testsuite> <!-- Test -->
