<?xml version="1.0" encoding="UTF-8"?>
<testng-results ignored="0" total="3" passed="3" failed="0" skipped="0">
  <reporter-output>
  </reporter-output>
  <suite started-at="2023-06-19T08:23:01 IST" name="Suite" finished-at="2023-06-19T08:23:59 IST" duration-ms="57162">
    <groups>
      <group name="smoke">
        <method signature="ForgetpswTest.LoginfeildValidation()[pri:0, instance:test.ForgetpswTest@3e8c3cb]" name="LoginfeildValidation" class="test.ForgetpswTest"/>
        <method signature="RegistrationModuleTest.fullnamevalid()[pri:0, instance:test.RegistrationModuleTest@3f191845]" name="fullnamevalid" class="test.RegistrationModuleTest"/>
        <method signature="TsrtcRegistrationModuleTest.LoginNameValidation()[pri:0, instance:test.TsrtcRegistrationModuleTest@3ba987b8]" name="LoginNameValidation" class="test.TsrtcRegistrationModuleTest"/>
      </group> <!-- smoke -->
    </groups>
    <test started-at="2023-06-19T08:23:01 IST" name="Test" finished-at="2023-06-19T08:23:59 IST" duration-ms="57162">
      <class name="test.ForgetpswTest">
        <test-method signature="LoginfeildValidation()[pri:0, instance:test.ForgetpswTest@3e8c3cb]" started-at="2023-06-19T08:23:01 IST" name="LoginfeildValidation" finished-at="2023-06-19T08:23:14 IST" duration-ms="12672" status="PASS">
          <reporter-output>
          </reporter-output>
        </test-method> <!-- LoginfeildValidation -->
      </class> <!-- test.ForgetpswTest -->
      <class name="test.TsrtcRegistrationModuleTest">
        <test-method is-config="true" signature="ApplicationNavigation()[pri:0, instance:test.TsrtcRegistrationModuleTest@3ba987b8]" started-at="2023-06-19T08:23:14 IST" name="ApplicationNavigation" finished-at="2023-06-19T08:23:27 IST" duration-ms="12377" status="PASS">
          <reporter-output>
          </reporter-output>
        </test-method> <!-- ApplicationNavigation -->
        <test-method signature="LoginNameValidation()[pri:0, instance:test.TsrtcRegistrationModuleTest@3ba987b8]" started-at="2023-06-19T08:23:27 IST" name="LoginNameValidation" finished-at="2023-06-19T08:23:34 IST" duration-ms="7363" status="PASS">
          <reporter-output>
          </reporter-output>
        </test-method> <!-- LoginNameValidation -->
      </class> <!-- test.TsrtcRegistrationModuleTest -->
      <class name="test.RegistrationModuleTest">
        <test-method is-config="true" signature="ApplicationNavigation()[pri:0, instance:test.RegistrationModuleTest@3f191845]" started-at="2023-06-19T08:23:34 IST" name="ApplicationNavigation" finished-at="2023-06-19T08:23:53 IST" duration-ms="19016" status="PASS">
          <reporter-output>
          </reporter-output>
        </test-method> <!-- ApplicationNavigation -->
        <test-method signature="fullnamevalid()[pri:0, instance:test.RegistrationModuleTest@3f191845]" started-at="2023-06-19T08:23:53 IST" name="fullnamevalid" finished-at="2023-06-19T08:23:59 IST" duration-ms="5622" status="PASS">
          <reporter-output>
          </reporter-output>
        </test-method> <!-- fullnamevalid -->
      </class> <!-- test.RegistrationModuleTest -->
    </test> <!-- Test -->
  </suite> <!-- Suite -->
</testng-results>
