<?xml version="1.0" encoding="UTF-8"?>
<testng-results ignored="0" total="10" passed="9" failed="1" skipped="0">
  <reporter-output>
  </reporter-output>
  <suite started-at="2023-06-21T13:11:30 IST" name="Suite" finished-at="2023-06-21T13:16:38 IST" duration-ms="308232">
    <groups>
      <group name="smoke">
        <method signature="ForgetpswTest.LoginfeildValidation()[pri:0, instance:test.ForgetpswTest@1608bcbd]" name="LoginfeildValidation" class="test.ForgetpswTest"/>
        <method signature="RegistrationModuleTest.fullnamevalid()[pri:0, instance:test.RegistrationModuleTest@33308786]" name="fullnamevalid" class="test.RegistrationModuleTest"/>
        <method signature="TsrtcRegistrationModuleTest.LoginNameValidation()[pri:0, instance:test.TsrtcRegistrationModuleTest@42039326]" name="LoginNameValidation" class="test.TsrtcRegistrationModuleTest"/>
      </group> <!-- smoke -->
    </groups>
    <test started-at="2023-06-21T13:11:30 IST" name="Test" finished-at="2023-06-21T13:16:38 IST" duration-ms="308232">
      <class name="test.ForgetpswTest">
        <test-method signature="EmailCheck()[pri:0, instance:test.ForgetpswTest@1608bcbd]" started-at="2023-06-21T13:11:30 IST" name="EmailCheck" finished-at="2023-06-21T13:11:51 IST" duration-ms="20939" status="PASS">
          <reporter-output>
          </reporter-output>
        </test-method> <!-- EmailCheck -->
        <test-method signature="LoginfeildValidation()[pri:0, instance:test.ForgetpswTest@1608bcbd]" started-at="2023-06-21T13:11:51 IST" name="LoginfeildValidation" finished-at="2023-06-21T13:12:04 IST" duration-ms="12257" status="PASS">
          <reporter-output>
          </reporter-output>
        </test-method> <!-- LoginfeildValidation -->
      </class> <!-- test.ForgetpswTest -->
      <class name="test.TsrtcRegistrationModuleTest">
        <test-method is-config="true" signature="ApplicationNavigation()[pri:0, instance:test.TsrtcRegistrationModuleTest@42039326]" started-at="2023-06-21T13:12:16 IST" name="ApplicationNavigation" finished-at="2023-06-21T13:12:38 IST" duration-ms="21617" status="PASS">
          <reporter-output>
          </reporter-output>
        </test-method> <!-- ApplicationNavigation -->
        <test-method signature="LoginNameValidation()[pri:0, instance:test.TsrtcRegistrationModuleTest@42039326]" started-at="2023-06-21T13:12:38 IST" name="LoginNameValidation" finished-at="2023-06-21T13:12:47 IST" duration-ms="9191" status="PASS">
          <reporter-output>
          </reporter-output>
        </test-method> <!-- LoginNameValidation -->
        <test-method signature="validfullName()[pri:0, instance:test.TsrtcRegistrationModuleTest@42039326]" started-at="2023-06-21T13:12:47 IST" name="validfullName" finished-at="2023-06-21T13:12:54 IST" duration-ms="7111" status="PASS">
          <reporter-output>
          </reporter-output>
        </test-method> <!-- validfullName -->
      </class> <!-- test.TsrtcRegistrationModuleTest -->
      <class name="test.tsrtcRigistrationModuleTest2">
        <test-method is-config="true" signature="ApplicationNavigation()[pri:0, instance:test.tsrtcRigistrationModuleTest2@4f9a2c08]" started-at="2023-06-21T13:14:45 IST" name="ApplicationNavigation" finished-at="2023-06-21T13:15:56 IST" duration-ms="70597" status="PASS">
          <reporter-output>
          </reporter-output>
        </test-method> <!-- ApplicationNavigation -->
        <test-method signature="LoginNameValidation()[pri:0, instance:test.tsrtcRigistrationModuleTest2@4f9a2c08]" started-at="2023-06-21T13:15:56 IST" name="LoginNameValidation" finished-at="2023-06-21T13:16:38 IST" duration-ms="42066" status="PASS">
          <reporter-output>
          </reporter-output>
        </test-method> <!-- LoginNameValidation -->
      </class> <!-- test.tsrtcRigistrationModuleTest2 -->
      <class name="test.LoginModuleTest">
        <test-method signature="InvalidLoginname()[pri:0, instance:test.LoginModuleTest@6d025197]" started-at="2023-06-21T13:12:04 IST" name="InvalidLoginname" finished-at="2023-06-21T13:12:16 IST" duration-ms="12585" status="PASS">
          <reporter-output>
          </reporter-output>
        </test-method> <!-- InvalidLoginname -->
      </class> <!-- test.LoginModuleTest -->
      <class name="test.RegistrationModuleTest">
        <test-method is-config="true" signature="ApplicationNavigation()[pri:0, instance:test.RegistrationModuleTest@33308786]" started-at="2023-06-21T13:12:54 IST" name="ApplicationNavigation" finished-at="2023-06-21T13:13:49 IST" duration-ms="55197" status="PASS">
          <reporter-output>
          </reporter-output>
        </test-method> <!-- ApplicationNavigation -->
        <test-method signature="Emailvalid()[pri:0, instance:test.RegistrationModuleTest@33308786]" started-at="2023-06-21T13:13:49 IST" name="Emailvalid" finished-at="2023-06-21T13:14:14 IST" duration-ms="24517" status="PASS">
          <reporter-output>
          </reporter-output>
        </test-method> <!-- Emailvalid -->
        <test-method signature="Loginnamevalid()[pri:0, instance:test.RegistrationModuleTest@33308786]" started-at="2023-06-21T13:14:14 IST" name="Loginnamevalid" finished-at="2023-06-21T13:14:40 IST" duration-ms="26017" status="PASS">
          <reporter-output>
          </reporter-output>
        </test-method> <!-- Loginnamevalid -->
        <test-method signature="fullnamevalid()[pri:0, instance:test.RegistrationModuleTest@33308786]" started-at="2023-06-21T13:14:40 IST" name="fullnamevalid" finished-at="2023-06-21T13:14:45 IST" duration-ms="4815" status="PASS">
          <reporter-output>
          </reporter-output>
        </test-method> <!-- fullnamevalid -->
        <test-method signature="mobilenovalid()[pri:0, instance:test.RegistrationModuleTest@33308786]" started-at="2023-06-21T13:14:45 IST" name="mobilenovalid" finished-at="2023-06-21T13:14:45 IST" duration-ms="30" status="FAIL">
          <exception class="org.openqa.selenium.UnhandledAlertException">
            <message>
              <![CDATA[unexpected alert open: {Alert text : Login Name Already Exist!}
  (Session info: MicrosoftEdge=114.0.1823.51): Login Name Already Exist!
Build info: version: '4.9.1', revision: 'eb2032df7f'
System info: os.name: 'Windows 10', os.arch: 'amd64', os.version: '10.0', java.version: '17.0.6'
Driver info: org.openqa.selenium.edge.EdgeDriver
Command: [8b8209302f8c4234f18dead840db69ca, findElement {using=link text, value=eTicket Login}]
Capabilities {acceptInsecureCerts: false, browserName: msedge, browserVersion: 114.0.1823.51, ms:edgeOptions: {debuggerAddress: localhost:60285}, msedge: {msedgedriverVersion: 114.0.1823.55 (890405d89311..., userDataDir: C:\Users\Hp\AppData\Local\T...}, networkConnectionEnabled: false, pageLoadStrategy: normal, platformName: windows, proxy: Proxy(), se:cdp: ws://localhost:60285/devtoo..., se:cdpVersion: 114.0.1823.51, setWindowRect: true, strictFileInteractability: false, timeouts: {implicit: 0, pageLoad: 300000, script: 30000}, unhandledPromptBehavior: dismiss and notify, webauthn:extension:credBlob: true, webauthn:extension:largeBlob: true, webauthn:extension:minPinLength: true, webauthn:extension:prf: true, webauthn:virtualAuthenticators: true}
Session ID: 8b8209302f8c4234f18dead840db69ca]]>
            </message>
            <full-stacktrace>
              <![CDATA[org.openqa.selenium.UnhandledAlertException: unexpected alert open: {Alert text : Login Name Already Exist!}
  (Session info: MicrosoftEdge=114.0.1823.51): Login Name Already Exist!
Build info: version: '4.9.1', revision: 'eb2032df7f'
System info: os.name: 'Windows 10', os.arch: 'amd64', os.version: '10.0', java.version: '17.0.6'
Driver info: org.openqa.selenium.edge.EdgeDriver
Command: [8b8209302f8c4234f18dead840db69ca, findElement {using=link text, value=eTicket Login}]
Capabilities {acceptInsecureCerts: false, browserName: msedge, browserVersion: 114.0.1823.51, ms:edgeOptions: {debuggerAddress: localhost:60285}, msedge: {msedgedriverVersion: 114.0.1823.55 (890405d89311..., userDataDir: C:\Users\Hp\AppData\Local\T...}, networkConnectionEnabled: false, pageLoadStrategy: normal, platformName: windows, proxy: Proxy(), se:cdp: ws://localhost:60285/devtoo..., se:cdpVersion: 114.0.1823.51, setWindowRect: true, strictFileInteractability: false, timeouts: {implicit: 0, pageLoad: 300000, script: 30000}, unhandledPromptBehavior: dismiss and notify, webauthn:extension:credBlob: true, webauthn:extension:largeBlob: true, webauthn:extension:minPinLength: true, webauthn:extension:prf: true, webauthn:virtualAuthenticators: true}
Session ID: 8b8209302f8c4234f18dead840db69ca
at org.openqa.selenium.remote.codec.w3c.W3CHttpResponseCodec.decode(W3CHttpResponseCodec.java:131)
at org.openqa.selenium.remote.codec.w3c.W3CHttpResponseCodec.decode(W3CHttpResponseCodec.java:53)
at org.openqa.selenium.remote.HttpCommandExecutor.execute(HttpCommandExecutor.java:193)
at org.openqa.selenium.remote.service.DriverCommandExecutor.invokeExecute(DriverCommandExecutor.java:183)
at org.openqa.selenium.remote.service.DriverCommandExecutor.execute(DriverCommandExecutor.java:158)
at org.openqa.selenium.remote.RemoteWebDriver.execute(RemoteWebDriver.java:543)
at org.openqa.selenium.remote.ElementLocation$ElementFinder$2.findElement(ElementLocation.java:162)
at org.openqa.selenium.remote.ElementLocation.findElement(ElementLocation.java:60)
at org.openqa.selenium.remote.RemoteWebDriver.findElement(RemoteWebDriver.java:352)
at org.openqa.selenium.remote.RemoteWebDriver.findElement(RemoteWebDriver.java:344)
at test.RegistrationModuleTest.mobilenovalid(RegistrationModuleTest.java:74)
at java.base/jdk.internal.reflect.NativeMethodAccessorImpl.invoke0(Native Method)
at java.base/jdk.internal.reflect.NativeMethodAccessorImpl.invoke(NativeMethodAccessorImpl.java:77)
at java.base/jdk.internal.reflect.DelegatingMethodAccessorImpl.invoke(DelegatingMethodAccessorImpl.java:43)
at java.base/java.lang.reflect.Method.invoke(Method.java:568)
at org.testng.internal.invokers.MethodInvocationHelper.invokeMethod(MethodInvocationHelper.java:139)
at org.testng.internal.invokers.TestInvoker.invokeMethod(TestInvoker.java:664)
at org.testng.internal.invokers.TestInvoker.invokeTestMethod(TestInvoker.java:227)
at org.testng.internal.invokers.MethodRunner.runInSequence(MethodRunner.java:50)
at org.testng.internal.invokers.TestInvoker$MethodInvocationAgent.invoke(TestInvoker.java:957)
at org.testng.internal.invokers.TestInvoker.invokeTestMethods(TestInvoker.java:200)
at org.testng.internal.invokers.TestMethodWorker.invokeTestMethods(TestMethodWorker.java:148)
at org.testng.internal.invokers.TestMethodWorker.run(TestMethodWorker.java:128)
at java.base/java.util.ArrayList.forEach(ArrayList.java:1511)
at org.testng.TestRunner.privateRun(TestRunner.java:848)
at org.testng.TestRunner.run(TestRunner.java:621)
at org.testng.SuiteRunner.runTest(SuiteRunner.java:443)
at org.testng.SuiteRunner.runSequentially(SuiteRunner.java:437)
at org.testng.SuiteRunner.privateRun(SuiteRunner.java:397)
at org.testng.SuiteRunner.run(SuiteRunner.java:336)
at org.testng.SuiteRunnerWorker.runSuite(SuiteRunnerWorker.java:52)
at org.testng.SuiteRunnerWorker.run(SuiteRunnerWorker.java:95)
at org.testng.TestNG.runSuitesSequentially(TestNG.java:1280)
at org.testng.TestNG.runSuitesLocally(TestNG.java:1200)
at org.testng.TestNG.runSuites(TestNG.java:1114)
at org.testng.TestNG.run(TestNG.java:1082)
at org.testng.remote.AbstractRemoteTestNG.run(AbstractRemoteTestNG.java:115)
at org.testng.remote.RemoteTestNG.initAndRun(RemoteTestNG.java:251)
at org.testng.remote.RemoteTestNG.main(RemoteTestNG.java:77)
]]>
            </full-stacktrace>
          </exception> <!-- org.openqa.selenium.UnhandledAlertException -->
          <reporter-output>
          </reporter-output>
        </test-method> <!-- mobilenovalid -->
      </class> <!-- test.RegistrationModuleTest -->
    </test> <!-- Test -->
  </suite> <!-- Suite -->
</testng-results>
